<?xml version="1.0" encoding="UTF-8"?>
<testng-results ignored="0" total="1" passed="1" failed="0" skipped="0">
  <reporter-output>
  </reporter-output>
  <suite started-at="2024-05-08T19:28:02 IST" name="Default suite" finished-at="2024-05-08T19:28:43 IST" duration-ms="40503">
    <groups>
    </groups>
    <test started-at="2024-05-08T19:28:02 IST" name="Default test" finished-at="2024-05-08T19:28:43 IST" duration-ms="40503">
      <class name="superCal.SuperCalculatorExcel">
        <test-method is-config="true" signature="setUp()[pri:0, instance:superCal.SuperCalculatorExcel@4562e04d]" started-at="2024-05-08T19:28:02 IST" name="setUp" finished-at="2024-05-08T19:28:11 IST" duration-ms="8707" status="PASS">
          <reporter-output>
          </reporter-output>
        </test-method> <!-- setUp -->
        <test-method signature="performCalculation()[pri:0, instance:superCal.SuperCalculatorExcel@4562e04d]" started-at="2024-05-08T19:28:11 IST" name="performCalculation" finished-at="2024-05-08T19:28:42 IST" duration-ms="31206" status="PASS">
          <reporter-output>
          </reporter-output>
        </test-method> <!-- performCalculation -->
        <test-method is-config="true" signature="tearDown()[pri:0, instance:superCal.SuperCalculatorExcel@4562e04d]" started-at="2024-05-08T19:28:42 IST" name="tearDown" finished-at="2024-05-08T19:28:43 IST" duration-ms="327" status="PASS">
          <reporter-output>
          </reporter-output>
        </test-method> <!-- tearDown -->
      </class> <!-- superCal.SuperCalculatorExcel -->
    </test> <!-- Default test -->
  </suite> <!-- Default suite -->
</testng-results>
